.android/Flutter/build/intermediates/manifest_merge_blame_file/profile/manifest-merger-blame-profile-report.txt
1<?xml version="1.0" encoding="utf-8"?>
2<!-- Generated file. Do not edit. -->
3<manifest xmlns:android="http://schemas.android.com/apk/res/android"
4    xmlns:tools="http://schemas.android.com/tools"
5    package="com.equitas.bbps" >
6
7    <uses-sdk
8        android:minSdkVersion="16"
8-->src\main\AndroidManifest.xml
9        android:targetSdkVersion="33" />
9-->src\main\AndroidManifest.xml
10
11    <uses-permission android:name="android.permission.INTERNET" />
11-->src\main\AndroidManifest.xml:5:3-64
11-->src\main\AndroidManifest.xml:5:20-62
12
13    <application tools:node="merge" >
13-->src\main\AndroidManifest.xml:6:3-16:17
13-->src\main\AndroidManifest.xml:7:5-23
14        <meta-data
14-->src\main\AndroidManifest.xml:8:5-10:32
15            android:name="flutterProjectType"
15-->src\main\AndroidManifest.xml:9:7-40
16            android:value="module" />
16-->src\main\AndroidManifest.xml:10:7-29
17        <!--
18           Don't delete the meta-data below.
19           It is used by the Flutter tool to generate GeneratedPluginRegistrant.java
20        -->
21        <meta-data
21-->src\main\AndroidManifest.xml:13:7-15:31
22            android:name="flutterEmbedding"
22-->src\main\AndroidManifest.xml:14:11-42
23            android:value="2" />
23-->src\main\AndroidManifest.xml:15:11-28
24    </application>
25
26</manifest>